11:52:16:825204352:но зачем_None:math_is_ez:ru:[Errno 2] No such file or directory: 'youtube_downloader/video/825204352_2023-07-26_11-52-12.mp4'
11:54:32:825204352:но зачем_None:math_is_ez:ru:UJKUI07w9Yc is age restricted, and can't be accessed without logging in.
11:55:46:825204352:но зачем_None:math_is_ez:ru:UJKUI07w9Yc is age restricted, and can't be accessed without logging in.
11:55:57:825204352:но зачем_None:math_is_ez:ru:download() got an unexpected keyword argument 'use_oauth'
11:59:45:825204352:но зачем_None:math_is_ez:ru:UJKUI07w9Yc is age restricted, and can't be accessed without logging in.
12:13:32:825204352:но зачем_None:math_is_ez:ru:module 'ffmpeg' has no attribute 'input'
12:15:00:825204352:но зачем_None:math_is_ez:ru:[WinError 2] Не удается найти указанный файл
12:15:49:825204352:но зачем_None:math_is_ez:ru:[WinError 2] Не удается найти указанный файл
12:17:01:825204352:но зачем_None:math_is_ez:ru:[WinError 2] Не удается найти указанный файл
12:18:24:825204352:но зачем_None:math_is_ez:ru:A filename must be provided
12:22:20:825204352:но зачем_None:math_is_ez:ru:[WinError 2] Не удается найти указанный файл
12:24:26:825204352:но зачем_None:math_is_ez:ru:[WinError 2] Не удается найти указанный файл
12:27:30:825204352:но зачем_None:math_is_ez:ru:[WinError 2] Не удается найти указанный файл
12:28:40:825204352:но зачем_None:math_is_ez:ru:[WinError 2] Не удается найти указанный файл
12:33:14:825204352:но зачем_None:math_is_ez:ru:[WinError 2] Не удается найти указанный файл
12:38:51:825204352:но зачем_None:math_is_ez:ru:index -100001 is out of bounds for axis 0 with size 0
12:43:40:825204352:но зачем_None:math_is_ez:ru:index -100001 is out of bounds for axis 0 with size 0
12:43:57:825204352:но зачем_None:math_is_ez:ru:index -100001 is out of bounds for axis 0 with size 0
12:46:43:825204352:но зачем_None:math_is_ez:ru:index -100001 is out of bounds for axis 0 with size 0
12:51:16:825204352:но зачем_None:math_is_ez:ru:index -100001 is out of bounds for axis 0 with size 0
13:52:16:825204352:но зачем_None:math_is_ez:ru:high_qulity is unavailable
14:22:35:825204352:но зачем_None:math_is_ez:ru:high_qulity is unavailable
14:24:10:825204352:но зачем_None:math_is_ez:ru:[Errno 2] No such file or directory: 'C:/Users/red1c/youtube_downloader/finished_video825204352_2023-07-26_14-22-57.mp4'
14:28:40:825204352:но зачем_None:math_is_ez:ru:A request to the Telegram API was unsuccessful. Error code: 413. Description: Request Entity Too Large
14:32:26:825204352:но зачем_None:math_is_ez:ru:A request to the Telegram API was unsuccessful. Error code: 413. Description: Request Entity Too Large
16:33:31:825204352:но зачем_None:math_is_ez:ru:UJKUI07w9Yc is age restricted, and can't be accessed without logging in.
