18:27:26:825204352:но зачем_None:math_is_ez:ru:[Errno 22] Invalid argument: 'C:\\Users\\red1c\\youtube_downloader\\8252043522023-07-25 18:27:24.620517.mp4'
18:30:30:825204352:но зачем_None:math_is_ez:ru:[Errno 22] Invalid argument: 'C:\\Users\\red1c\\youtube_downloader\\8252043522023-07-25 18:30:29.046354.mp4'
18:31:45:825204352:но зачем_None:math_is_ez:ru:[Errno 22] Invalid argument: 'C:\\Users\\red1c\\youtube_downloader\\8252043522023-07-25 18:31:43.376599.mp4'
18:32:36:825204352:но зачем_None:math_is_ez:ru:[Errno 22] Invalid argument: 'C:\\Users\\red1c\\youtube_downloader\\8252043522023-07-25 18:32:34.215359.mp4'
18:33:40:825204352:но зачем_None:math_is_ez:ru:[Errno 22] Invalid argument: 'C:\\Users\\red1c\\youtube_downloader\\8252043522023-07-25 18:33:37.965437.mp4'
18:34:19:825204352:но зачем_None:math_is_ez:ru:[Errno 22] Invalid argument: 'C:/Users/red1c/youtube_downloader/video/8252043522023-07-25 18:34:17.189467.mp4'
18:49:29:825204352:но зачем_None:math_is_ez:ru:[Errno 22] Invalid argument: 'C:\\Users\\red1c\\youtube_downloader\\8252043522023-07-25 18:49:27.840357.mp4'
18:50:29:825204352:но зачем_None:math_is_ez:ru:[Errno 22] Invalid argument: 'C:/Users/red1c/youtube_downloader/video/8252043522023-07-25 18:50:27.740491.mp4'
18:54:00:825204352:но зачем_None:math_is_ez:ru:[Errno 22] Invalid argument: 'C:/Users/red1c/youtube_downloader/video/8252043522023-07-25 18:53:58.796852.mp4'
18:54:15:825204352:но зачем_None:math_is_ez:ru:[Errno 22] Invalid argument: 'C:/Users/red1c/youtube_downloader/video/8252043522023-07-25 18:54:13.473466.mp4'
18:55:15:825204352:но зачем_None:math_is_ez:ru:[Errno 22] Invalid argument: 'C:/Users/red1c/youtube_downloader/video/8252043522023-07-25 18:55:13.360935.mp4'
18:55:17:825204352:но зачем_None:math_is_ez:ru:[Errno 22] Invalid argument: 'C:/Users/red1c/youtube_downloader/video/8252043522023-07-25 18:55:16.101090.mp4'
18:57:46:825204352:но зачем_None:math_is_ez:ru:[Errno 22] Invalid argument: 'C:/Users/red1c/youtube_downloader/video/8252043522023-07-25 18:57:44.mp4'
19:30:30:825204352:но зачем_None:math_is_ez:ru:regex_search: could not find match for (?:v=|\/)([0-9A-Za-z_-]{11}).*
19:30:47:825204352:но зачем_None:math_is_ez:ru:-452p09ESbM is unavailable
19:32:48:825204352:но зачем_None:math_is_ez:ru:-452p09ESbM is unavailable
19:55:36:825204352:но зачем_None:math_is_ez:ru:regex_search: could not find match for (?:v=|\/)([0-9A-Za-z_-]{11}).*
20:09:24:5002500098:Константин_None:None:ru:regex_search: could not find match for (?:v=|\/)([0-9A-Za-z_-]{11}).*
20:56:09:924986219:Александра_None:diwwwert:ru:A request to the Telegram API was unsuccessful. Error code: 413. Description: Request Entity Too Large
21:00:26:924986219:Александра_None:diwwwert:ru:UJKUI07w9Yc is age restricted, and can't be accessed without logging in.
21:01:01:825204352:но зачем_None:math_is_ez:en:UJKUI07w9Yc is age restricted, and can't be accessed without logging in.
22:05:47:184962630:Polina_Genina:polynusik:en:kCDlTsLku1g is age restricted, and can't be accessed without logging in.
22:08:24:184962630:Polina_Genina:polynusik:en:kCDlTsLku1g is age restricted, and can't be accessed without logging in.
